<?xml version="1.0" encoding="UTF-8"?>
<coverage generated="1749824524532" clover="3.2.0">
  <project timestamp="1749824524533" name="All files">
    <metrics statements="324" coveredstatements="233" conditionals="51" coveredconditionals="45" methods="16" coveredmethods="12" elements="391" coveredelements="290" complexity="0" loc="324" ncloc="324" packages="8" files="13" classes="13"/>
    <package name="src">
      <metrics statements="126" coveredstatements="111" conditionals="23" coveredconditionals="20" methods="8" coveredmethods="7"/>
      <file name="App.tsx" path="/home/hernan/Documents/projects/fulll-tests/Frontend/github-user-search/src/App.tsx">
        <metrics statements="117" coveredstatements="111" conditionals="22" coveredconditionals="20" methods="7" coveredmethods="7"/>
        <line num="1" count="1" type="stmt"/>
        <line num="2" count="1" type="stmt"/>
        <line num="3" count="1" type="stmt"/>
        <line num="4" count="1" type="stmt"/>
        <line num="5" count="1" type="stmt"/>
        <line num="6" count="1" type="stmt"/>
        <line num="8" count="1" type="stmt"/>
        <line num="10" count="90" type="cond" truecount="1" falsecount="0"/>
        <line num="11" count="90" type="stmt"/>
        <line num="12" count="90" type="stmt"/>
        <line num="13" count="90" type="stmt"/>
        <line num="14" count="90" type="stmt"/>
        <line num="16" count="90" type="stmt"/>
        <line num="17" count="90" type="stmt"/>
        <line num="18" count="90" type="stmt"/>
        <line num="19" count="90" type="cond" truecount="1" falsecount="0"/>
        <line num="20" count="31" type="stmt"/>
        <line num="21" count="31" type="cond" truecount="0" falsecount="1"/>
        <line num="22" count="90" type="stmt"/>
        <line num="24" count="90" type="cond" truecount="1" falsecount="0"/>
        <line num="26" count="29" type="stmt"/>
        <line num="27" count="29" type="stmt"/>
        <line num="28" count="90" type="stmt"/>
        <line num="30" count="90" type="cond" truecount="1" falsecount="0"/>
        <line num="31" count="31" type="stmt"/>
        <line num="32" count="31" type="stmt"/>
        <line num="33" count="31" type="stmt"/>
        <line num="34" count="31" type="stmt"/>
        <line num="36" count="90" type="cond" truecount="1" falsecount="0"/>
        <line num="37" count="2" type="stmt"/>
        <line num="38" count="2" type="stmt"/>
        <line num="39" count="2" type="stmt"/>
        <line num="40" count="2" type="stmt"/>
        <line num="43" count="2" type="stmt"/>
        <line num="44" count="2" type="cond" truecount="0" falsecount="1"/>
        <line num="45" count="0" type="stmt"/>
        <line num="46" count="0" type="stmt"/>
        <line num="47" count="0" type="stmt"/>
        <line num="48" count="0" type="stmt"/>
        <line num="49" count="0" type="stmt"/>
        <line num="50" count="0" type="stmt"/>
        <line num="51" count="2" type="stmt"/>
        <line num="52" count="2" type="stmt"/>
        <line num="54" count="90" type="cond" truecount="1" falsecount="0"/>
        <line num="55" count="2" type="stmt"/>
        <line num="56" count="2" type="stmt"/>
        <line num="57" count="2" type="stmt"/>
        <line num="58" count="2" type="stmt"/>
        <line num="59" count="2" type="cond" truecount="1" falsecount="0"/>
        <line num="60" count="2" type="stmt"/>
        <line num="61" count="2" type="stmt"/>
        <line num="62" count="2" type="stmt"/>
        <line num="63" count="2" type="stmt"/>
        <line num="65" count="90" type="stmt"/>
        <line num="66" count="90" type="cond" truecount="3" falsecount="0"/>
        <line num="67" count="90" type="stmt"/>
        <line num="68" count="90" type="stmt"/>
        <line num="70" count="90" type="cond" truecount="1" falsecount="0"/>
        <line num="71" count="1" type="cond" truecount="1" falsecount="0"/>
        <line num="72" count="1" type="cond" truecount="1" falsecount="0"/>
        <line num="73" count="1" type="stmt"/>
        <line num="74" count="1" type="stmt"/>
        <line num="75" count="1" type="stmt"/>
        <line num="76" count="1" type="stmt"/>
        <line num="78" count="90" type="cond" truecount="1" falsecount="0"/>
        <line num="79" count="1" type="cond" truecount="1" falsecount="0"/>
        <line num="80" count="1" type="cond" truecount="1" falsecount="0"/>
        <line num="81" count="1" type="stmt"/>
        <line num="82" count="1" type="stmt"/>
        <line num="83" count="1" type="stmt"/>
        <line num="84" count="1" type="stmt"/>
        <line num="85" count="1" type="cond" truecount="1" falsecount="0"/>
        <line num="86" count="1" type="stmt"/>
        <line num="87" count="1" type="stmt"/>
        <line num="88" count="1" type="stmt"/>
        <line num="90" count="90" type="stmt"/>
        <line num="91" count="90" type="stmt"/>
        <line num="92" count="90" type="stmt"/>
        <line num="93" count="90" type="stmt"/>
        <line num="94" count="90" type="stmt"/>
        <line num="95" count="90" type="stmt"/>
        <line num="96" count="90" type="stmt"/>
        <line num="97" count="90" type="stmt"/>
        <line num="98" count="90" type="stmt"/>
        <line num="99" count="90" type="stmt"/>
        <line num="100" count="90" type="stmt"/>
        <line num="102" count="90" type="cond" truecount="1" falsecount="0"/>
        <line num="103" count="39" type="stmt"/>
        <line num="104" count="39" type="stmt"/>
        <line num="105" count="39" type="stmt"/>
        <line num="106" count="39" type="stmt"/>
        <line num="107" count="39" type="stmt"/>
        <line num="108" count="39" type="stmt"/>
        <line num="109" count="39" type="cond" truecount="1" falsecount="0"/>
        <line num="110" count="39" type="stmt"/>
        <line num="111" count="39" type="stmt"/>
        <line num="112" count="39" type="stmt"/>
        <line num="115" count="90" type="stmt"/>
        <line num="116" count="90" type="stmt"/>
        <line num="117" count="90" type="stmt"/>
        <line num="118" count="90" type="stmt"/>
        <line num="119" count="90" type="stmt"/>
        <line num="120" count="90" type="stmt"/>
        <line num="121" count="90" type="stmt"/>
        <line num="123" count="90" type="cond" truecount="1" falsecount="0"/>
        <line num="124" count="78" type="stmt"/>
        <line num="125" count="78" type="stmt"/>
        <line num="126" count="78" type="stmt"/>
        <line num="127" count="78" type="stmt"/>
        <line num="128" count="78" type="stmt"/>
        <line num="129" count="78" type="stmt"/>
        <line num="130" count="78" type="stmt"/>
        <line num="131" count="90" type="stmt"/>
        <line num="132" count="90" type="stmt"/>
        <line num="133" count="90" type="stmt"/>
        <line num="135" count="90" type="stmt"/>
        <line num="137" count="1" type="stmt"/>
      </file>
      <file name="main.tsx" path="/home/hernan/Documents/projects/fulll-tests/Frontend/github-user-search/src/main.tsx">
        <metrics statements="9" coveredstatements="0" conditionals="1" coveredconditionals="0" methods="1" coveredmethods="0"/>
        <line num="1" count="0" type="cond" truecount="0" falsecount="1"/>
        <line num="2" count="0" type="stmt"/>
        <line num="3" count="0" type="stmt"/>
        <line num="4" count="0" type="stmt"/>
        <line num="6" count="0" type="stmt"/>
        <line num="7" count="0" type="stmt"/>
        <line num="8" count="0" type="stmt"/>
        <line num="9" count="0" type="stmt"/>
        <line num="10" count="0" type="stmt"/>
      </file>
    </package>
    <package name="src.components.SelectionActions">
      <metrics statements="57" coveredstatements="57" conditionals="9" coveredconditionals="9" methods="1" coveredmethods="1"/>
      <file name="SelectionActions.tsx" path="/home/hernan/Documents/projects/fulll-tests/Frontend/github-user-search/src/components/SelectionActions/SelectionActions.tsx">
        <metrics statements="56" coveredstatements="56" conditionals="9" coveredconditionals="9" methods="1" coveredmethods="1"/>
        <line num="1" count="1" type="stmt"/>
        <line num="2" count="1" type="stmt"/>
        <line num="3" count="1" type="stmt"/>
        <line num="16" count="1" type="cond" truecount="1" falsecount="0"/>
        <line num="17" count="38" type="stmt"/>
        <line num="18" count="38" type="stmt"/>
        <line num="19" count="38" type="stmt"/>
        <line num="20" count="38" type="stmt"/>
        <line num="21" count="38" type="stmt"/>
        <line num="22" count="38" type="stmt"/>
        <line num="23" count="38" type="stmt"/>
        <line num="24" count="38" type="stmt"/>
        <line num="25" count="38" type="stmt"/>
        <line num="26" count="38" type="stmt"/>
        <line num="27" count="38" type="stmt"/>
        <line num="28" count="38" type="stmt"/>
        <line num="29" count="38" type="cond" truecount="1" falsecount="0"/>
        <line num="30" count="37" type="stmt"/>
        <line num="31" count="37" type="stmt"/>
        <line num="32" count="37" type="stmt"/>
        <line num="33" count="37" type="stmt"/>
        <line num="34" count="37" type="stmt"/>
        <line num="35" count="37" type="stmt"/>
        <line num="36" count="37" type="stmt"/>
        <line num="37" count="37" type="stmt"/>
        <line num="38" count="37" type="stmt"/>
        <line num="40" count="38" type="stmt"/>
        <line num="41" count="38" type="cond" truecount="1" falsecount="0"/>
        <line num="42" count="22" type="stmt"/>
        <line num="43" count="22" type="stmt"/>
        <line num="44" count="22" type="stmt"/>
        <line num="45" count="22" type="stmt"/>
        <line num="46" count="22" type="stmt"/>
        <line num="47" count="22" type="stmt"/>
        <line num="48" count="22" type="cond" truecount="1" falsecount="0"/>
        <line num="49" count="8" type="cond" truecount="3" falsecount="0"/>
        <line num="50" count="14" type="stmt"/>
        <line num="51" count="22" type="stmt"/>
        <line num="53" count="38" type="cond" truecount="2" falsecount="0"/>
        <line num="54" count="8" type="stmt"/>
        <line num="55" count="8" type="stmt"/>
        <line num="56" count="8" type="stmt"/>
        <line num="57" count="8" type="stmt"/>
        <line num="58" count="8" type="stmt"/>
        <line num="60" count="8" type="stmt"/>
        <line num="61" count="8" type="stmt"/>
        <line num="63" count="8" type="stmt"/>
        <line num="64" count="8" type="stmt"/>
        <line num="65" count="8" type="stmt"/>
        <line num="66" count="8" type="stmt"/>
        <line num="68" count="8" type="stmt"/>
        <line num="69" count="8" type="stmt"/>
        <line num="70" count="8" type="stmt"/>
        <line num="72" count="38" type="stmt"/>
        <line num="73" count="38" type="stmt"/>
        <line num="75" count="38" type="stmt"/>
      </file>
      <file name="index.ts" path="/home/hernan/Documents/projects/fulll-tests/Frontend/github-user-search/src/components/SelectionActions/index.ts">
        <metrics statements="1" coveredstatements="1" conditionals="0" coveredconditionals="0" methods="0" coveredmethods="0"/>
        <line num="1" count="1" type="stmt"/>
      </file>
    </package>
    <package name="src.components.StateMessage">
      <metrics statements="24" coveredstatements="24" conditionals="9" coveredconditionals="9" methods="1" coveredmethods="1"/>
      <file name="StateMessage.tsx" path="/home/hernan/Documents/projects/fulll-tests/Frontend/github-user-search/src/components/StateMessage/StateMessage.tsx">
        <metrics statements="23" coveredstatements="23" conditionals="9" coveredconditionals="9" methods="1" coveredmethods="1"/>
        <line num="1" count="1" type="stmt"/>
        <line num="10" count="1" type="cond" truecount="1" falsecount="0"/>
        <line num="11" count="82" type="stmt"/>
        <line num="12" count="82" type="stmt"/>
        <line num="13" count="82" type="stmt"/>
        <line num="14" count="82" type="stmt"/>
        <line num="15" count="82" type="stmt"/>
        <line num="16" count="82" type="cond" truecount="1" falsecount="0"/>
        <line num="17" count="16" type="stmt"/>
        <line num="18" count="16" type="cond" truecount="1" falsecount="0"/>
        <line num="20" count="82" type="cond" truecount="1" falsecount="0"/>
        <line num="21" count="10" type="stmt"/>
        <line num="22" count="10" type="stmt"/>
        <line num="24" count="10" type="stmt"/>
        <line num="26" count="10" type="cond" truecount="1" falsecount="0"/>
        <line num="28" count="82" type="cond" truecount="2" falsecount="0"/>
        <line num="29" count="11" type="stmt"/>
        <line num="30" count="11" type="cond" truecount="1" falsecount="0"/>
        <line num="32" count="82" type="cond" truecount="1" falsecount="0"/>
        <line num="33" count="22" type="stmt"/>
        <line num="34" count="22" type="stmt"/>
        <line num="36" count="22" type="stmt"/>
        <line num="37" count="82" type="stmt"/>
      </file>
      <file name="index.ts" path="/home/hernan/Documents/projects/fulll-tests/Frontend/github-user-search/src/components/StateMessage/index.ts">
        <metrics statements="1" coveredstatements="1" conditionals="0" coveredconditionals="0" methods="0" coveredmethods="0"/>
        <line num="1" count="1" type="stmt"/>
      </file>
    </package>
    <package name="src.components.UserCard">
      <metrics statements="35" coveredstatements="35" conditionals="5" coveredconditionals="5" methods="2" coveredmethods="2"/>
      <file name="UserCard.tsx" path="/home/hernan/Documents/projects/fulll-tests/Frontend/github-user-search/src/components/UserCard/UserCard.tsx">
        <metrics statements="34" coveredstatements="34" conditionals="5" coveredconditionals="5" methods="2" coveredmethods="2"/>
        <line num="2" count="1" type="stmt"/>
        <line num="11" count="1" type="cond" truecount="1" falsecount="0"/>
        <line num="12" count="58" type="stmt"/>
        <line num="13" count="58" type="stmt"/>
        <line num="14" count="58" type="stmt"/>
        <line num="15" count="58" type="cond" truecount="1" falsecount="0"/>
        <line num="16" count="25" type="stmt"/>
        <line num="17" count="25" type="stmt"/>
        <line num="18" count="25" type="stmt"/>
        <line num="19" count="25" type="stmt"/>
        <line num="20" count="25" type="cond" truecount="1" falsecount="0"/>
        <line num="21" count="25" type="stmt"/>
        <line num="22" count="25" type="stmt"/>
        <line num="23" count="25" type="cond" truecount="2" falsecount="0"/>
        <line num="24" count="25" type="stmt"/>
        <line num="26" count="58" type="stmt"/>
        <line num="27" count="58" type="stmt"/>
        <line num="28" count="58" type="stmt"/>
        <line num="29" count="58" type="stmt"/>
        <line num="30" count="58" type="stmt"/>
        <line num="31" count="58" type="stmt"/>
        <line num="32" count="58" type="stmt"/>
        <line num="33" count="58" type="stmt"/>
        <line num="34" count="58" type="stmt"/>
        <line num="35" count="58" type="stmt"/>
        <line num="36" count="58" type="stmt"/>
        <line num="37" count="58" type="stmt"/>
        <line num="38" count="58" type="stmt"/>
        <line num="39" count="58" type="stmt"/>
        <line num="41" count="58" type="stmt"/>
        <line num="42" count="58" type="stmt"/>
        <line num="43" count="58" type="stmt"/>
        <line num="44" count="58" type="stmt"/>
        <line num="46" count="58" type="stmt"/>
      </file>
      <file name="index.ts" path="/home/hernan/Documents/projects/fulll-tests/Frontend/github-user-search/src/components/UserCard/index.ts">
        <metrics statements="1" coveredstatements="1" conditionals="0" coveredconditionals="0" methods="0" coveredmethods="0"/>
        <line num="1" count="1" type="stmt"/>
      </file>
    </package>
    <package name="src.hooks">
      <metrics statements="56" coveredstatements="0" conditionals="2" coveredconditionals="0" methods="2" coveredmethods="0"/>
      <file name="useDebounce.ts" path="/home/hernan/Documents/projects/fulll-tests/Frontend/github-user-search/src/hooks/useDebounce.ts">
        <metrics statements="26" coveredstatements="0" conditionals="1" coveredconditionals="0" methods="1" coveredmethods="0"/>
        <line num="1" count="0" type="cond" truecount="0" falsecount="1"/>
        <line num="11" count="0" type="stmt"/>
        <line num="13" count="0" type="stmt"/>
        <line num="14" count="0" type="stmt"/>
        <line num="16" count="0" type="stmt"/>
        <line num="17" count="0" type="stmt"/>
        <line num="18" count="0" type="stmt"/>
        <line num="20" count="0" type="stmt"/>
        <line num="21" count="0" type="stmt"/>
        <line num="22" count="0" type="stmt"/>
        <line num="23" count="0" type="stmt"/>
        <line num="25" count="0" type="stmt"/>
        <line num="26" count="0" type="stmt"/>
        <line num="28" count="0" type="stmt"/>
        <line num="29" count="0" type="stmt"/>
        <line num="42" count="0" type="stmt"/>
        <line num="43" count="0" type="stmt"/>
        <line num="44" count="0" type="stmt"/>
        <line num="45" count="0" type="stmt"/>
        <line num="46" count="0" type="stmt"/>
        <line num="48" count="0" type="stmt"/>
        <line num="49" count="0" type="stmt"/>
        <line num="50" count="0" type="stmt"/>
        <line num="51" count="0" type="stmt"/>
        <line num="53" count="0" type="stmt"/>
        <line num="54" count="0" type="stmt"/>
      </file>
      <file name="useGithubSearch.ts" path="/home/hernan/Documents/projects/fulll-tests/Frontend/github-user-search/src/hooks/useGithubSearch.ts">
        <metrics statements="30" coveredstatements="0" conditionals="1" coveredconditionals="0" methods="1" coveredmethods="0"/>
        <line num="1" count="0" type="cond" truecount="0" falsecount="1"/>
        <line num="2" count="0" type="stmt"/>
        <line num="4" count="0" type="stmt"/>
        <line num="5" count="0" type="stmt"/>
        <line num="6" count="0" type="stmt"/>
        <line num="8" count="0" type="stmt"/>
        <line num="9" count="0" type="stmt"/>
        <line num="10" count="0" type="stmt"/>
        <line num="12" count="0" type="stmt"/>
        <line num="13" count="0" type="stmt"/>
        <line num="14" count="0" type="stmt"/>
        <line num="15" count="0" type="stmt"/>
        <line num="17" count="0" type="stmt"/>
        <line num="19" count="0" type="stmt"/>
        <line num="20" count="0" type="stmt"/>
        <line num="21" count="0" type="stmt"/>
        <line num="22" count="0" type="stmt"/>
        <line num="23" count="0" type="stmt"/>
        <line num="24" count="0" type="stmt"/>
        <line num="25" count="0" type="stmt"/>
        <line num="26" count="0" type="stmt"/>
        <line num="27" count="0" type="stmt"/>
        <line num="28" count="0" type="stmt"/>
        <line num="29" count="0" type="stmt"/>
        <line num="30" count="0" type="stmt"/>
        <line num="31" count="0" type="stmt"/>
        <line num="32" count="0" type="stmt"/>
        <line num="33" count="0" type="stmt"/>
        <line num="34" count="0" type="stmt"/>
        <line num="35" count="0" type="stmt"/>
      </file>
    </package>
    <package name="src.hooks.__mocks__">
      <metrics statements="6" coveredstatements="6" conditionals="1" coveredconditionals="1" methods="0" coveredmethods="0"/>
      <file name="useGithubSearch.ts" path="/home/hernan/Documents/projects/fulll-tests/Frontend/github-user-search/src/hooks/__mocks__/useGithubSearch.ts">
        <metrics statements="6" coveredstatements="6" conditionals="1" coveredconditionals="1" methods="0" coveredmethods="0"/>
        <line num="1" count="1" type="stmt"/>
        <line num="3" count="1" type="cond" truecount="1" falsecount="0"/>
        <line num="4" count="22" type="stmt"/>
        <line num="5" count="22" type="stmt"/>
        <line num="6" count="22" type="stmt"/>
        <line num="7" count="1" type="stmt"/>
      </file>
    </package>
    <package name="src.services">
      <metrics statements="20" coveredstatements="0" conditionals="1" coveredconditionals="0" methods="1" coveredmethods="0"/>
      <file name="github.ts" path="/home/hernan/Documents/projects/fulll-tests/Frontend/github-user-search/src/services/github.ts">
        <metrics statements="20" coveredstatements="0" conditionals="1" coveredconditionals="0" methods="1" coveredmethods="0"/>
        <line num="1" count="0" type="cond" truecount="0" falsecount="1"/>
        <line num="3" count="0" type="stmt"/>
        <line num="4" count="0" type="stmt"/>
        <line num="5" count="0" type="stmt"/>
        <line num="7" count="0" type="stmt"/>
        <line num="8" count="0" type="stmt"/>
        <line num="10" count="0" type="stmt"/>
        <line num="11" count="0" type="stmt"/>
        <line num="12" count="0" type="stmt"/>
        <line num="13" count="0" type="stmt"/>
        <line num="14" count="0" type="stmt"/>
        <line num="15" count="0" type="stmt"/>
        <line num="17" count="0" type="stmt"/>
        <line num="18" count="0" type="stmt"/>
        <line num="19" count="0" type="stmt"/>
        <line num="20" count="0" type="stmt"/>
        <line num="21" count="0" type="stmt"/>
        <line num="22" count="0" type="stmt"/>
        <line num="23" count="0" type="stmt"/>
        <line num="25" count="0" type="stmt"/>
      </file>
    </package>
    <package name="src.types">
      <metrics statements="0" coveredstatements="0" conditionals="1" coveredconditionals="1" methods="1" coveredmethods="1"/>
      <file name="User.ts" path="/home/hernan/Documents/projects/fulll-tests/Frontend/github-user-search/src/types/User.ts">
        <metrics statements="0" coveredstatements="0" conditionals="1" coveredconditionals="1" methods="1" coveredmethods="1"/>
      </file>
    </package>
  </project>
</coverage>
