{"/home/hernan/Documents/projects/fulll-tests/Frontend/github-user-search/src/App.tsx": {"path":"/home/hernan/Documents/projects/fulll-tests/Frontend/github-user-search/src/App.tsx","all":false,"statementMap":{"0":{"start":{"line":1,"column":0},"end":{"line":1,"column":62}},"1":{"start":{"line":2,"column":0},"end":{"line":2,"column":49}},"2":{"start":{"line":3,"column":0},"end":{"line":3,"column":50}},"3":{"start":{"line":4,"column":0},"end":{"line":4,"column":58}},"4":{"start":{"line":5,"column":0},"end":{"line":5,"column":57}},"5":{"start":{"line":6,"column":0},"end":{"line":6,"column":65}},"7":{"start":{"line":8,"column":0},"end":{"line":8,"column":19}},"9":{"start":{"line":10,"column":0},"end":{"line":10,"column":16}},"10":{"start":{"line":11,"column":0},"end":{"line":11,"column":57}},"11":{"start":{"line":12,"column":0},"end":{"line":12,"column":71}},"12":{"start":{"line":13,"column":0},"end":{"line":13,"column":49}},"13":{"start":{"line":14,"column":0},"end":{"line":14,"column":57}},"15":{"start":{"line":16,"column":0},"end":{"line":16,"column":8}},"16":{"start":{"line":17,"column":0},"end":{"line":17,"column":65}},"17":{"start":{"line":18,"column":0},"end":{"line":18,"column":59}},"18":{"start":{"line":19,"column":0},"end":{"line":19,"column":67}},"19":{"start":{"line":20,"column":0},"end":{"line":20,"column":51}},"20":{"start":{"line":21,"column":0},"end":{"line":21,"column":34}},"21":{"start":{"line":22,"column":0},"end":{"line":22,"column":10}},"23":{"start":{"line":24,"column":0},"end":{"line":24,"column":19}},"25":{"start":{"line":26,"column":0},"end":{"line":26,"column":27}},"26":{"start":{"line":27,"column":0},"end":{"line":27,"column":26}},"27":{"start":{"line":28,"column":0},"end":{"line":28,"column":14}},"29":{"start":{"line":30,"column":0},"end":{"line":30,"column":77}},"30":{"start":{"line":31,"column":0},"end":{"line":31,"column":45}},"31":{"start":{"line":32,"column":0},"end":{"line":32,"column":32}},"32":{"start":{"line":33,"column":0},"end":{"line":33,"column":38}},"33":{"start":{"line":34,"column":0},"end":{"line":34,"column":4}},"35":{"start":{"line":36,"column":0},"end":{"line":36,"column":51}},"36":{"start":{"line":37,"column":0},"end":{"line":37,"column":32}},"37":{"start":{"line":38,"column":0},"end":{"line":38,"column":25}},"38":{"start":{"line":39,"column":0},"end":{"line":39,"column":41}},"39":{"start":{"line":40,"column":0},"end":{"line":40,"column":6}},"42":{"start":{"line":43,"column":0},"end":{"line":43,"column":55}},"43":{"start":{"line":44,"column":0},"end":{"line":44,"column":43}},"44":{"start":{"line":45,"column":0},"end":{"line":45,"column":55}},"45":{"start":{"line":46,"column":0},"end":{"line":46,"column":29}},"46":{"start":{"line":47,"column":0},"end":{"line":47,"column":63}},"47":{"start":{"line":48,"column":0},"end":{"line":48,"column":30}},"48":{"start":{"line":49,"column":0},"end":{"line":49,"column":7}},"49":{"start":{"line":50,"column":0},"end":{"line":50,"column":5}},"50":{"start":{"line":51,"column":0},"end":{"line":51,"column":43}},"51":{"start":{"line":52,"column":0},"end":{"line":52,"column":4}},"53":{"start":{"line":54,"column":0},"end":{"line":54,"column":33}},"54":{"start":{"line":55,"column":0},"end":{"line":55,"column":43}},"55":{"start":{"line":56,"column":0},"end":{"line":56,"column":38}},"56":{"start":{"line":57,"column":0},"end":{"line":57,"column":23}},"57":{"start":{"line":58,"column":0},"end":{"line":58,"column":19}},"58":{"start":{"line":59,"column":0},"end":{"line":59,"column":66}},"59":{"start":{"line":60,"column":0},"end":{"line":60,"column":11}},"60":{"start":{"line":61,"column":0},"end":{"line":61,"column":8}},"61":{"start":{"line":62,"column":0},"end":{"line":62,"column":6}},"62":{"start":{"line":63,"column":0},"end":{"line":63,"column":4}},"64":{"start":{"line":65,"column":0},"end":{"line":65,"column":62}},"65":{"start":{"line":66,"column":0},"end":{"line":66,"column":56}},"66":{"start":{"line":67,"column":0},"end":{"line":67,"column":6}},"67":{"start":{"line":68,"column":0},"end":{"line":68,"column":4}},"69":{"start":{"line":70,"column":0},"end":{"line":70,"column":38}},"70":{"start":{"line":71,"column":0},"end":{"line":71,"column":27}},"71":{"start":{"line":72,"column":0},"end":{"line":72,"column":60}},"72":{"start":{"line":73,"column":0},"end":{"line":73,"column":6}},"73":{"start":{"line":74,"column":0},"end":{"line":74,"column":27}},"74":{"start":{"line":75,"column":0},"end":{"line":75,"column":26}},"75":{"start":{"line":76,"column":0},"end":{"line":76,"column":4}},"77":{"start":{"line":78,"column":0},"end":{"line":78,"column":41}},"78":{"start":{"line":79,"column":0},"end":{"line":79,"column":75}},"79":{"start":{"line":80,"column":0},"end":{"line":80,"column":58}},"80":{"start":{"line":81,"column":0},"end":{"line":81,"column":14}},"81":{"start":{"line":82,"column":0},"end":{"line":82,"column":73}},"82":{"start":{"line":83,"column":0},"end":{"line":83,"column":62}},"83":{"start":{"line":84,"column":0},"end":{"line":84,"column":8}},"84":{"start":{"line":85,"column":0},"end":{"line":85,"column":64}},"85":{"start":{"line":86,"column":0},"end":{"line":86,"column":27}},"86":{"start":{"line":87,"column":0},"end":{"line":87,"column":26}},"87":{"start":{"line":88,"column":0},"end":{"line":88,"column":4}},"89":{"start":{"line":90,"column":0},"end":{"line":90,"column":10}},"90":{"start":{"line":91,"column":0},"end":{"line":91,"column":25}},"91":{"start":{"line":92,"column":0},"end":{"line":92,"column":36}},"92":{"start":{"line":93,"column":0},"end":{"line":93,"column":34}},"93":{"start":{"line":94,"column":0},"end":{"line":94,"column":14}},"94":{"start":{"line":95,"column":0},"end":{"line":95,"column":21}},"95":{"start":{"line":96,"column":0},"end":{"line":96,"column":36}},"96":{"start":{"line":97,"column":0},"end":{"line":97,"column":38}},"97":{"start":{"line":98,"column":0},"end":{"line":98,"column":27}},"98":{"start":{"line":99,"column":0},"end":{"line":99,"column":10}},"99":{"start":{"line":100,"column":0},"end":{"line":100,"column":16}},"101":{"start":{"line":102,"column":0},"end":{"line":102,"column":28}},"102":{"start":{"line":103,"column":0},"end":{"line":103,"column":25}},"103":{"start":{"line":104,"column":0},"end":{"line":104,"column":39}},"104":{"start":{"line":105,"column":0},"end":{"line":105,"column":35}},"105":{"start":{"line":106,"column":0},"end":{"line":106,"column":45}},"106":{"start":{"line":107,"column":0},"end":{"line":107,"column":41}},"107":{"start":{"line":108,"column":0},"end":{"line":108,"column":47}},"108":{"start":{"line":109,"column":0},"end":{"line":109,"column":57}},"109":{"start":{"line":110,"column":0},"end":{"line":110,"column":47}},"110":{"start":{"line":111,"column":0},"end":{"line":111,"column":29}},"111":{"start":{"line":112,"column":0},"end":{"line":112,"column":10}},"114":{"start":{"line":115,"column":0},"end":{"line":115,"column":35}},"115":{"start":{"line":116,"column":0},"end":{"line":116,"column":21}},"116":{"start":{"line":117,"column":0},"end":{"line":117,"column":27}},"117":{"start":{"line":118,"column":0},"end":{"line":118,"column":45}},"118":{"start":{"line":119,"column":0},"end":{"line":119,"column":31}},"119":{"start":{"line":120,"column":0},"end":{"line":120,"column":36}},"120":{"start":{"line":121,"column":0},"end":{"line":121,"column":10}},"122":{"start":{"line":123,"column":0},"end":{"line":123,"column":30}},"123":{"start":{"line":124,"column":0},"end":{"line":124,"column":19}},"124":{"start":{"line":125,"column":0},"end":{"line":125,"column":25}},"125":{"start":{"line":126,"column":0},"end":{"line":126,"column":23}},"126":{"start":{"line":127,"column":0},"end":{"line":127,"column":47}},"127":{"start":{"line":128,"column":0},"end":{"line":128,"column":49}},"128":{"start":{"line":129,"column":0},"end":{"line":129,"column":31}},"129":{"start":{"line":130,"column":0},"end":{"line":130,"column":12}},"130":{"start":{"line":131,"column":0},"end":{"line":131,"column":11}},"131":{"start":{"line":132,"column":0},"end":{"line":132,"column":16}},"132":{"start":{"line":133,"column":0},"end":{"line":133,"column":10}},"134":{"start":{"line":135,"column":0},"end":{"line":135,"column":1}},"136":{"start":{"line":137,"column":0},"end":{"line":137,"column":19}}},"s":{"0":1,"1":1,"2":1,"3":1,"4":1,"5":1,"7":1,"9":90,"10":90,"11":90,"12":90,"13":90,"15":90,"16":90,"17":90,"18":90,"19":31,"20":31,"21":90,"23":90,"25":29,"26":29,"27":90,"29":90,"30":31,"31":31,"32":31,"33":31,"35":90,"36":2,"37":2,"38":2,"39":2,"42":2,"43":2,"44":0,"45":0,"46":0,"47":0,"48":0,"49":0,"50":2,"51":2,"53":90,"54":2,"55":2,"56":2,"57":2,"58":2,"59":2,"60":2,"61":2,"62":2,"64":90,"65":90,"66":90,"67":90,"69":90,"70":1,"71":1,"72":1,"73":1,"74":1,"75":1,"77":90,"78":1,"79":1,"80":1,"81":1,"82":1,"83":1,"84":1,"85":1,"86":1,"87":1,"89":90,"90":90,"91":90,"92":90,"93":90,"94":90,"95":90,"96":90,"97":90,"98":90,"99":90,"101":90,"102":39,"103":39,"104":39,"105":39,"106":39,"107":39,"108":39,"109":39,"110":39,"111":39,"114":90,"115":90,"116":90,"117":90,"118":90,"119":90,"120":90,"122":90,"123":78,"124":78,"125":78,"126":78,"127":78,"128":78,"129":78,"130":90,"131":90,"132":90,"134":90,"136":1},"branchMap":{"0":{"type":"branch","line":10,"loc":{"start":{"line":10,"column":0},"end":{"line":135,"column":1}},"locations":[{"start":{"line":10,"column":0},"end":{"line":135,"column":1}}]},"1":{"type":"branch","line":102,"loc":{"start":{"line":102,"column":22},"end":{"line":112,"column":10}},"locations":[{"start":{"line":102,"column":22},"end":{"line":112,"column":10}}]},"2":{"type":"branch","line":19,"loc":{"start":{"line":19,"column":41},"end":{"line":22,"column":5}},"locations":[{"start":{"line":19,"column":41},"end":{"line":22,"column":5}}]},"3":{"type":"branch","line":21,"loc":{"start":{"line":21,"column":13},"end":{"line":21,"column":32}},"locations":[{"start":{"line":21,"column":13},"end":{"line":21,"column":32}}]},"4":{"type":"branch","line":24,"loc":{"start":{"line":24,"column":12},"end":{"line":28,"column":5}},"locations":[{"start":{"line":24,"column":12},"end":{"line":28,"column":5}}]},"5":{"type":"branch","line":30,"loc":{"start":{"line":30,"column":28},"end":{"line":34,"column":4}},"locations":[{"start":{"line":30,"column":28},"end":{"line":34,"column":4}}]},"6":{"type":"branch","line":36,"loc":{"start":{"line":36,"column":30},"end":{"line":52,"column":4}},"locations":[{"start":{"line":36,"column":30},"end":{"line":52,"column":4}}]},"7":{"type":"branch","line":44,"loc":{"start":{"line":44,"column":42},"end":{"line":50,"column":5}},"locations":[{"start":{"line":44,"column":42},"end":{"line":50,"column":5}}]},"8":{"type":"branch","line":54,"loc":{"start":{"line":54,"column":26},"end":{"line":63,"column":4}},"locations":[{"start":{"line":54,"column":26},"end":{"line":63,"column":4}}]},"9":{"type":"branch","line":59,"loc":{"start":{"line":59,"column":8},"end":{"line":59,"column":66}},"locations":[{"start":{"line":59,"column":8},"end":{"line":59,"column":66}}]},"10":{"type":"branch","line":66,"loc":{"start":{"line":66,"column":4},"end":{"line":66,"column":56}},"locations":[{"start":{"line":66,"column":4},"end":{"line":66,"column":56}}]},"11":{"type":"branch","line":66,"loc":{"start":{"line":66,"column":36},"end":{"line":66,"column":53}},"locations":[{"start":{"line":66,"column":36},"end":{"line":66,"column":53}}]},"12":{"type":"branch","line":66,"loc":{"start":{"line":66,"column":49},"end":{"line":66,"column":56}},"locations":[{"start":{"line":66,"column":49},"end":{"line":66,"column":56}}]},"13":{"type":"branch","line":70,"loc":{"start":{"line":70,"column":31},"end":{"line":76,"column":4}},"locations":[{"start":{"line":70,"column":31},"end":{"line":76,"column":4}}]},"14":{"type":"branch","line":71,"loc":{"start":{"line":71,"column":13},"end":{"line":72,"column":60}},"locations":[{"start":{"line":71,"column":13},"end":{"line":72,"column":60}}]},"15":{"type":"branch","line":72,"loc":{"start":{"line":72,"column":23},"end":{"line":72,"column":58}},"locations":[{"start":{"line":72,"column":23},"end":{"line":72,"column":58}}]},"16":{"type":"branch","line":78,"loc":{"start":{"line":78,"column":34},"end":{"line":88,"column":4}},"locations":[{"start":{"line":78,"column":34},"end":{"line":88,"column":4}}]},"17":{"type":"branch","line":79,"loc":{"start":{"line":79,"column":39},"end":{"line":79,"column":73}},"locations":[{"start":{"line":79,"column":39},"end":{"line":79,"column":73}}]},"18":{"type":"branch","line":80,"loc":{"start":{"line":80,"column":46},"end":{"line":84,"column":6}},"locations":[{"start":{"line":80,"column":46},"end":{"line":84,"column":6}}]},"19":{"type":"branch","line":85,"loc":{"start":{"line":85,"column":13},"end":{"line":85,"column":62}},"locations":[{"start":{"line":85,"column":13},"end":{"line":85,"column":62}}]},"20":{"type":"branch","line":109,"loc":{"start":{"line":109,"column":28},"end":{"line":109,"column":57}},"locations":[{"start":{"line":109,"column":28},"end":{"line":109,"column":57}}]},"21":{"type":"branch","line":123,"loc":{"start":{"line":123,"column":19},"end":{"line":130,"column":12}},"locations":[{"start":{"line":123,"column":19},"end":{"line":130,"column":12}}]}},"b":{"0":[90],"1":[39],"2":[31],"3":[0],"4":[29],"5":[31],"6":[2],"7":[0],"8":[2],"9":[4],"10":[6],"11":[4],"12":[2],"13":[1],"14":[1],"15":[2],"16":[1],"17":[2],"18":[1],"19":[1],"20":[3],"21":[78]},"fnMap":{"0":{"name":"App","decl":{"start":{"line":10,"column":0},"end":{"line":135,"column":1}},"loc":{"start":{"line":10,"column":0},"end":{"line":135,"column":1}},"line":10},"1":{"name":"handleQueryChange","decl":{"start":{"line":30,"column":28},"end":{"line":34,"column":4}},"loc":{"start":{"line":30,"column":28},"end":{"line":34,"column":4}},"line":30},"2":{"name":"toogleCardSelection","decl":{"start":{"line":36,"column":30},"end":{"line":52,"column":4}},"loc":{"start":{"line":36,"column":30},"end":{"line":52,"column":4}},"line":36},"3":{"name":"toogleSelectAll","decl":{"start":{"line":54,"column":26},"end":{"line":63,"column":4}},"loc":{"start":{"line":54,"column":26},"end":{"line":63,"column":4}},"line":54},"4":{"name":"handleDeleteSelected","decl":{"start":{"line":70,"column":31},"end":{"line":76,"column":4}},"loc":{"start":{"line":70,"column":31},"end":{"line":76,"column":4}},"line":70},"5":{"name":"handleDuplicateSelected","decl":{"start":{"line":78,"column":34},"end":{"line":88,"column":4}},"loc":{"start":{"line":78,"column":34},"end":{"line":88,"column":4}},"line":78},"6":{"name":"onToggleEditMode","decl":{"start":{"line":109,"column":28},"end":{"line":109,"column":57}},"loc":{"start":{"line":109,"column":28},"end":{"line":109,"column":57}},"line":109}},"f":{"0":90,"1":31,"2":2,"3":2,"4":1,"5":1,"6":3}}
,"/home/hernan/Documents/projects/fulll-tests/Frontend/github-user-search/src/main.tsx": {"path":"/home/hernan/Documents/projects/fulll-tests/Frontend/github-user-search/src/main.tsx","all":true,"statementMap":{"0":{"start":{"line":1,"column":0},"end":{"line":1,"column":35}},"1":{"start":{"line":2,"column":0},"end":{"line":2,"column":46}},"2":{"start":{"line":3,"column":0},"end":{"line":3,"column":28}},"3":{"start":{"line":4,"column":0},"end":{"line":4,"column":21}},"5":{"start":{"line":6,"column":0},"end":{"line":6,"column":52}},"6":{"start":{"line":7,"column":0},"end":{"line":7,"column":14}},"7":{"start":{"line":8,"column":0},"end":{"line":8,"column":11}},"8":{"start":{"line":9,"column":0},"end":{"line":9,"column":16}},"9":{"start":{"line":10,"column":0},"end":{"line":10,"column":2}}},"s":{"0":0,"1":0,"2":0,"3":0,"5":0,"6":0,"7":0,"8":0,"9":0},"branchMap":{"0":{"type":"branch","line":1,"loc":{"start":{"line":1,"column":207},"end":{"line":10,"column":-150}},"locations":[{"start":{"line":1,"column":207},"end":{"line":10,"column":-150}}]}},"b":{"0":[0]},"fnMap":{"0":{"name":"(empty-report)","decl":{"start":{"line":1,"column":207},"end":{"line":10,"column":-150}},"loc":{"start":{"line":1,"column":207},"end":{"line":10,"column":-150}},"line":1}},"f":{"0":0}}
,"/home/hernan/Documents/projects/fulll-tests/Frontend/github-user-search/src/components/SelectionActions/SelectionActions.tsx": {"path":"/home/hernan/Documents/projects/fulll-tests/Frontend/github-user-search/src/components/SelectionActions/SelectionActions.tsx","all":false,"statementMap":{"0":{"start":{"line":1,"column":0},"end":{"line":1,"column":32}},"1":{"start":{"line":2,"column":0},"end":{"line":2,"column":51}},"2":{"start":{"line":3,"column":0},"end":{"line":3,"column":57}},"15":{"start":{"line":16,"column":0},"end":{"line":16,"column":67}},"16":{"start":{"line":17,"column":0},"end":{"line":17,"column":9}},"17":{"start":{"line":18,"column":0},"end":{"line":18,"column":18}},"18":{"start":{"line":19,"column":0},"end":{"line":19,"column":16}},"19":{"start":{"line":20,"column":0},"end":{"line":20,"column":23}},"20":{"start":{"line":21,"column":0},"end":{"line":21,"column":21}},"21":{"start":{"line":22,"column":0},"end":{"line":22,"column":22}},"22":{"start":{"line":23,"column":0},"end":{"line":23,"column":21}},"23":{"start":{"line":24,"column":0},"end":{"line":24,"column":13}},"24":{"start":{"line":25,"column":0},"end":{"line":25,"column":16}},"25":{"start":{"line":26,"column":0},"end":{"line":26,"column":12}},"26":{"start":{"line":27,"column":0},"end":{"line":27,"column":10}},"27":{"start":{"line":28,"column":0},"end":{"line":28,"column":43}},"28":{"start":{"line":29,"column":0},"end":{"line":29,"column":30}},"29":{"start":{"line":30,"column":0},"end":{"line":30,"column":42}},"30":{"start":{"line":31,"column":0},"end":{"line":31,"column":16}},"31":{"start":{"line":32,"column":0},"end":{"line":32,"column":27}},"32":{"start":{"line":33,"column":0},"end":{"line":33,"column":30}},"33":{"start":{"line":34,"column":0},"end":{"line":34,"column":39}},"34":{"start":{"line":35,"column":0},"end":{"line":35,"column":12}},"35":{"start":{"line":36,"column":0},"end":{"line":36,"column":61}},"36":{"start":{"line":37,"column":0},"end":{"line":37,"column":16}},"37":{"start":{"line":38,"column":0},"end":{"line":38,"column":14}},"39":{"start":{"line":40,"column":0},"end":{"line":40,"column":31}},"40":{"start":{"line":41,"column":0},"end":{"line":41,"column":22}},"41":{"start":{"line":42,"column":0},"end":{"line":42,"column":48}},"42":{"start":{"line":43,"column":0},"end":{"line":43,"column":18}},"43":{"start":{"line":44,"column":0},"end":{"line":44,"column":29}},"44":{"start":{"line":45,"column":0},"end":{"line":45,"column":35}},"45":{"start":{"line":46,"column":0},"end":{"line":46,"column":42}},"46":{"start":{"line":47,"column":0},"end":{"line":47,"column":14}},"47":{"start":{"line":48,"column":0},"end":{"line":48,"column":30}},"48":{"start":{"line":49,"column":0},"end":{"line":49,"column":79}},"49":{"start":{"line":50,"column":0},"end":{"line":50,"column":36}},"50":{"start":{"line":51,"column":0},"end":{"line":51,"column":16}},"52":{"start":{"line":53,"column":0},"end":{"line":53,"column":43}},"53":{"start":{"line":54,"column":0},"end":{"line":54,"column":35}},"54":{"start":{"line":55,"column":0},"end":{"line":55,"column":19}},"55":{"start":{"line":56,"column":0},"end":{"line":56,"column":32}},"56":{"start":{"line":57,"column":0},"end":{"line":57,"column":48}},"57":{"start":{"line":58,"column":0},"end":{"line":58,"column":43}},"59":{"start":{"line":60,"column":0},"end":{"line":60,"column":67}},"60":{"start":{"line":61,"column":0},"end":{"line":61,"column":21}},"62":{"start":{"line":63,"column":0},"end":{"line":63,"column":19}},"63":{"start":{"line":64,"column":0},"end":{"line":64,"column":35}},"64":{"start":{"line":65,"column":0},"end":{"line":65,"column":51}},"65":{"start":{"line":66,"column":0},"end":{"line":66,"column":46}},"67":{"start":{"line":68,"column":0},"end":{"line":68,"column":73}},"68":{"start":{"line":69,"column":0},"end":{"line":69,"column":21}},"69":{"start":{"line":70,"column":0},"end":{"line":70,"column":16}},"71":{"start":{"line":72,"column":0},"end":{"line":72,"column":12}},"72":{"start":{"line":73,"column":0},"end":{"line":73,"column":14}},"74":{"start":{"line":75,"column":0},"end":{"line":75,"column":2}}},"s":{"0":1,"1":1,"2":1,"15":1,"16":38,"17":38,"18":38,"19":38,"20":38,"21":38,"22":38,"23":38,"24":38,"25":38,"26":38,"27":38,"28":38,"29":37,"30":37,"31":37,"32":37,"33":37,"34":37,"35":37,"36":37,"37":37,"39":38,"40":38,"41":22,"42":22,"43":22,"44":22,"45":22,"46":22,"47":22,"48":8,"49":14,"50":22,"52":38,"53":8,"54":8,"55":8,"56":8,"57":8,"59":8,"60":8,"62":8,"63":8,"64":8,"65":8,"67":8,"68":8,"69":8,"71":38,"72":38,"74":38},"branchMap":{"0":{"type":"branch","line":16,"loc":{"start":{"line":16,"column":32},"end":{"line":75,"column":2}},"locations":[{"start":{"line":16,"column":32},"end":{"line":75,"column":2}}]},"1":{"type":"branch","line":29,"loc":{"start":{"line":29,"column":7},"end":{"line":38,"column":14}},"locations":[{"start":{"line":29,"column":7},"end":{"line":38,"column":14}}]},"2":{"type":"branch","line":41,"loc":{"start":{"line":41,"column":9},"end":{"line":51,"column":16}},"locations":[{"start":{"line":41,"column":9},"end":{"line":51,"column":16}}]},"3":{"type":"branch","line":48,"loc":{"start":{"line":48,"column":29},"end":{"line":49,"column":79}},"locations":[{"start":{"line":48,"column":29},"end":{"line":49,"column":79}}]},"4":{"type":"branch","line":49,"loc":{"start":{"line":49,"column":65},"end":{"line":49,"column":75}},"locations":[{"start":{"line":49,"column":65},"end":{"line":49,"column":75}}]},"5":{"type":"branch","line":49,"loc":{"start":{"line":49,"column":69},"end":{"line":49,"column":77}},"locations":[{"start":{"line":49,"column":69},"end":{"line":49,"column":77}}]},"6":{"type":"branch","line":49,"loc":{"start":{"line":49,"column":77},"end":{"line":50,"column":36}},"locations":[{"start":{"line":49,"column":77},"end":{"line":50,"column":36}}]},"7":{"type":"branch","line":53,"loc":{"start":{"line":53,"column":9},"end":{"line":53,"column":43}},"locations":[{"start":{"line":53,"column":9},"end":{"line":53,"column":43}}]},"8":{"type":"branch","line":53,"loc":{"start":{"line":53,"column":37},"end":{"line":70,"column":16}},"locations":[{"start":{"line":53,"column":37},"end":{"line":70,"column":16}}]}},"b":{"0":[38],"1":[37],"2":[22],"3":[8],"4":[5],"5":[3],"6":[14],"7":[22],"8":[8]},"fnMap":{"0":{"name":"SelectionActions","decl":{"start":{"line":16,"column":32},"end":{"line":75,"column":2}},"loc":{"start":{"line":16,"column":32},"end":{"line":75,"column":2}},"line":16}},"f":{"0":38}}
,"/home/hernan/Documents/projects/fulll-tests/Frontend/github-user-search/src/components/SelectionActions/index.ts": {"path":"/home/hernan/Documents/projects/fulll-tests/Frontend/github-user-search/src/components/SelectionActions/index.ts","all":false,"statementMap":{"0":{"start":{"line":1,"column":0},"end":{"line":1,"column":35}}},"s":{"0":1},"branchMap":{},"b":{},"fnMap":{},"f":{}}
,"/home/hernan/Documents/projects/fulll-tests/Frontend/github-user-search/src/components/StateMessage/StateMessage.tsx": {"path":"/home/hernan/Documents/projects/fulll-tests/Frontend/github-user-search/src/components/StateMessage/StateMessage.tsx","all":false,"statementMap":{"0":{"start":{"line":1,"column":0},"end":{"line":1,"column":28}},"9":{"start":{"line":10,"column":0},"end":{"line":10,"column":59}},"10":{"start":{"line":11,"column":0},"end":{"line":11,"column":10}},"11":{"start":{"line":12,"column":0},"end":{"line":12,"column":19}},"12":{"start":{"line":13,"column":0},"end":{"line":13,"column":12}},"13":{"start":{"line":14,"column":0},"end":{"line":14,"column":14}},"14":{"start":{"line":15,"column":0},"end":{"line":15,"column":7}},"15":{"start":{"line":16,"column":0},"end":{"line":16,"column":16}},"16":{"start":{"line":17,"column":0},"end":{"line":17,"column":59}},"17":{"start":{"line":18,"column":0},"end":{"line":18,"column":3}},"19":{"start":{"line":20,"column":0},"end":{"line":20,"column":25}},"20":{"start":{"line":21,"column":0},"end":{"line":21,"column":12}},"21":{"start":{"line":22,"column":0},"end":{"line":22,"column":37}},"23":{"start":{"line":24,"column":0},"end":{"line":24,"column":12}},"25":{"start":{"line":26,"column":0},"end":{"line":26,"column":3}},"27":{"start":{"line":28,"column":0},"end":{"line":28,"column":25}},"28":{"start":{"line":29,"column":0},"end":{"line":29,"column":71}},"29":{"start":{"line":30,"column":0},"end":{"line":30,"column":3}},"31":{"start":{"line":32,"column":0},"end":{"line":32,"column":46}},"32":{"start":{"line":33,"column":0},"end":{"line":33,"column":12}},"33":{"start":{"line":34,"column":0},"end":{"line":34,"column":77}},"35":{"start":{"line":36,"column":0},"end":{"line":36,"column":3}},"36":{"start":{"line":37,"column":0},"end":{"line":37,"column":2}}},"s":{"0":1,"9":1,"10":82,"11":82,"12":82,"13":82,"14":82,"15":82,"16":16,"17":16,"19":82,"20":10,"21":10,"23":10,"25":10,"27":82,"28":11,"29":11,"31":82,"32":22,"33":22,"35":22,"36":82},"branchMap":{"0":{"type":"branch","line":10,"loc":{"start":{"line":10,"column":57},"end":{"line":37,"column":2}},"locations":[{"start":{"line":10,"column":57},"end":{"line":37,"column":2}}]},"1":{"type":"branch","line":16,"loc":{"start":{"line":16,"column":15},"end":{"line":18,"column":3}},"locations":[{"start":{"line":16,"column":15},"end":{"line":18,"column":3}}]},"2":{"type":"branch","line":18,"loc":{"start":{"line":18,"column":2},"end":{"line":20,"column":24}},"locations":[{"start":{"line":18,"column":2},"end":{"line":20,"column":24}}]},"3":{"type":"branch","line":20,"loc":{"start":{"line":20,"column":24},"end":{"line":26,"column":3}},"locations":[{"start":{"line":20,"column":24},"end":{"line":26,"column":3}}]},"4":{"type":"branch","line":26,"loc":{"start":{"line":26,"column":2},"end":{"line":28,"column":24}},"locations":[{"start":{"line":26,"column":2},"end":{"line":28,"column":24}}]},"5":{"type":"branch","line":28,"loc":{"start":{"line":28,"column":24},"end":{"line":32,"column":45}},"locations":[{"start":{"line":28,"column":24},"end":{"line":32,"column":45}}]},"6":{"type":"branch","line":28,"loc":{"start":{"line":28,"column":24},"end":{"line":30,"column":3}},"locations":[{"start":{"line":28,"column":24},"end":{"line":30,"column":3}}]},"7":{"type":"branch","line":30,"loc":{"start":{"line":30,"column":2},"end":{"line":32,"column":45}},"locations":[{"start":{"line":30,"column":2},"end":{"line":32,"column":45}}]},"8":{"type":"branch","line":32,"loc":{"start":{"line":32,"column":45},"end":{"line":36,"column":3}},"locations":[{"start":{"line":32,"column":45},"end":{"line":36,"column":3}}]}},"b":{"0":[82],"1":[16],"2":[66],"3":[10],"4":[56],"5":[79],"6":[11],"7":[45],"8":[22]},"fnMap":{"0":{"name":"StateMessage","decl":{"start":{"line":10,"column":57},"end":{"line":37,"column":2}},"loc":{"start":{"line":10,"column":57},"end":{"line":37,"column":2}},"line":10}},"f":{"0":82}}
,"/home/hernan/Documents/projects/fulll-tests/Frontend/github-user-search/src/components/StateMessage/index.ts": {"path":"/home/hernan/Documents/projects/fulll-tests/Frontend/github-user-search/src/components/StateMessage/index.ts","all":false,"statementMap":{"0":{"start":{"line":1,"column":0},"end":{"line":1,"column":31}}},"s":{"0":1},"branchMap":{},"b":{},"fnMap":{},"f":{}}
,"/home/hernan/Documents/projects/fulll-tests/Frontend/github-user-search/src/components/UserCard/UserCard.tsx": {"path":"/home/hernan/Documents/projects/fulll-tests/Frontend/github-user-search/src/components/UserCard/UserCard.tsx","all":false,"statementMap":{"1":{"start":{"line":2,"column":0},"end":{"line":2,"column":24}},"10":{"start":{"line":11,"column":0},"end":{"line":11,"column":43}},"11":{"start":{"line":12,"column":0},"end":{"line":12,"column":78}},"12":{"start":{"line":13,"column":0},"end":{"line":13,"column":10}},"13":{"start":{"line":14,"column":0},"end":{"line":14,"column":49}},"14":{"start":{"line":15,"column":0},"end":{"line":15,"column":20}},"15":{"start":{"line":16,"column":0},"end":{"line":16,"column":14}},"16":{"start":{"line":17,"column":0},"end":{"line":17,"column":25}},"17":{"start":{"line":18,"column":0},"end":{"line":18,"column":30}},"18":{"start":{"line":19,"column":0},"end":{"line":19,"column":28}},"19":{"start":{"line":20,"column":0},"end":{"line":20,"column":51}},"20":{"start":{"line":21,"column":0},"end":{"line":21,"column":29}},"21":{"start":{"line":22,"column":0},"end":{"line":22,"column":50}},"22":{"start":{"line":23,"column":0},"end":{"line":23,"column":52}},"23":{"start":{"line":24,"column":0},"end":{"line":24,"column":10}},"25":{"start":{"line":26,"column":0},"end":{"line":26,"column":10}},"26":{"start":{"line":27,"column":0},"end":{"line":27,"column":29}},"27":{"start":{"line":28,"column":0},"end":{"line":28,"column":39}},"28":{"start":{"line":29,"column":0},"end":{"line":29,"column":26}},"29":{"start":{"line":30,"column":0},"end":{"line":30,"column":8}},"30":{"start":{"line":31,"column":0},"end":{"line":31,"column":46}},"31":{"start":{"line":32,"column":0},"end":{"line":32,"column":51}},"32":{"start":{"line":33,"column":0},"end":{"line":33,"column":20}},"33":{"start":{"line":34,"column":0},"end":{"line":34,"column":12}},"34":{"start":{"line":35,"column":0},"end":{"line":35,"column":36}},"35":{"start":{"line":36,"column":0},"end":{"line":36,"column":10}},"36":{"start":{"line":37,"column":0},"end":{"line":37,"column":26}},"37":{"start":{"line":38,"column":0},"end":{"line":38,"column":51}},"38":{"start":{"line":39,"column":0},"end":{"line":39,"column":25}},"40":{"start":{"line":41,"column":0},"end":{"line":41,"column":54}},"41":{"start":{"line":42,"column":0},"end":{"line":42,"column":12}},"42":{"start":{"line":43,"column":0},"end":{"line":43,"column":12}},"43":{"start":{"line":44,"column":0},"end":{"line":44,"column":14}},"45":{"start":{"line":46,"column":0},"end":{"line":46,"column":2}}},"s":{"1":1,"10":1,"11":58,"12":58,"13":58,"14":58,"15":25,"16":25,"17":25,"18":25,"19":25,"20":25,"21":25,"22":25,"23":25,"25":58,"26":58,"27":58,"28":58,"29":58,"30":58,"31":58,"32":58,"33":58,"34":58,"35":58,"36":58,"37":58,"38":58,"40":58,"41":58,"42":58,"43":58,"45":58},"branchMap":{"0":{"type":"branch","line":11,"loc":{"start":{"line":11,"column":24},"end":{"line":46,"column":2}},"locations":[{"start":{"line":11,"column":24},"end":{"line":46,"column":2}}]},"1":{"type":"branch","line":15,"loc":{"start":{"line":15,"column":7},"end":{"line":24,"column":10}},"locations":[{"start":{"line":15,"column":7},"end":{"line":24,"column":10}}]},"2":{"type":"branch","line":23,"loc":{"start":{"line":23,"column":24},"end":{"line":23,"column":44}},"locations":[{"start":{"line":23,"column":24},"end":{"line":23,"column":44}}]},"3":{"type":"branch","line":23,"loc":{"start":{"line":23,"column":35},"end":{"line":23,"column":52}},"locations":[{"start":{"line":23,"column":35},"end":{"line":23,"column":52}}]},"4":{"type":"branch","line":20,"loc":{"start":{"line":20,"column":20},"end":{"line":20,"column":51}},"locations":[{"start":{"line":20,"column":20},"end":{"line":20,"column":51}}]}},"b":{"0":[58],"1":[25],"2":[5],"3":[20],"4":[3]},"fnMap":{"0":{"name":"UserCard","decl":{"start":{"line":11,"column":24},"end":{"line":46,"column":2}},"loc":{"start":{"line":11,"column":24},"end":{"line":46,"column":2}},"line":11},"1":{"name":"onChange","decl":{"start":{"line":20,"column":20},"end":{"line":20,"column":51}},"loc":{"start":{"line":20,"column":20},"end":{"line":20,"column":51}},"line":20}},"f":{"0":58,"1":3}}
,"/home/hernan/Documents/projects/fulll-tests/Frontend/github-user-search/src/components/UserCard/index.ts": {"path":"/home/hernan/Documents/projects/fulll-tests/Frontend/github-user-search/src/components/UserCard/index.ts","all":false,"statementMap":{"0":{"start":{"line":1,"column":0},"end":{"line":1,"column":27}}},"s":{"0":1},"branchMap":{},"b":{},"fnMap":{},"f":{}}
,"/home/hernan/Documents/projects/fulll-tests/Frontend/github-user-search/src/hooks/useDebounce.ts": {"path":"/home/hernan/Documents/projects/fulll-tests/Frontend/github-user-search/src/hooks/useDebounce.ts","all":true,"statementMap":{"0":{"start":{"line":1,"column":0},"end":{"line":1,"column":51}},"10":{"start":{"line":11,"column":0},"end":{"line":11,"column":28}},"12":{"start":{"line":13,"column":0},"end":{"line":13,"column":29}},"13":{"start":{"line":14,"column":0},"end":{"line":14,"column":27}},"15":{"start":{"line":16,"column":0},"end":{"line":16,"column":19}},"16":{"start":{"line":17,"column":0},"end":{"line":17,"column":23}},"17":{"start":{"line":18,"column":0},"end":{"line":18,"column":13}},"19":{"start":{"line":20,"column":0},"end":{"line":20,"column":43}},"20":{"start":{"line":21,"column":0},"end":{"line":21,"column":46}},"21":{"start":{"line":22,"column":0},"end":{"line":22,"column":29}},"22":{"start":{"line":23,"column":0},"end":{"line":23,"column":6}},"24":{"start":{"line":25,"column":0},"end":{"line":25,"column":35}},"25":{"start":{"line":26,"column":0},"end":{"line":26,"column":16}},"27":{"start":{"line":28,"column":0},"end":{"line":28,"column":27}},"28":{"start":{"line":29,"column":0},"end":{"line":29,"column":1}},"41":{"start":{"line":42,"column":0},"end":{"line":42,"column":71}},"42":{"start":{"line":43,"column":0},"end":{"line":43,"column":10}},"43":{"start":{"line":44,"column":0},"end":{"line":44,"column":18}},"44":{"start":{"line":45,"column":0},"end":{"line":45,"column":6}},"45":{"start":{"line":46,"column":0},"end":{"line":46,"column":45}},"47":{"start":{"line":48,"column":0},"end":{"line":48,"column":49}},"48":{"start":{"line":49,"column":0},"end":{"line":49,"column":26}},"49":{"start":{"line":50,"column":0},"end":{"line":50,"column":55}},"50":{"start":{"line":51,"column":0},"end":{"line":51,"column":4}},"52":{"start":{"line":53,"column":0},"end":{"line":53,"column":19}},"53":{"start":{"line":54,"column":0},"end":{"line":54,"column":2}}},"s":{"0":0,"10":0,"12":0,"13":0,"15":0,"16":0,"17":0,"19":0,"20":0,"21":0,"22":0,"24":0,"25":0,"27":0,"28":0,"41":0,"42":0,"43":0,"44":0,"45":0,"47":0,"48":0,"49":0,"50":0,"52":0,"53":0},"branchMap":{"0":{"type":"branch","line":1,"loc":{"start":{"line":1,"column":1534},"end":{"line":54,"column":2}},"locations":[{"start":{"line":1,"column":1534},"end":{"line":54,"column":2}}]}},"b":{"0":[0]},"fnMap":{"0":{"name":"(empty-report)","decl":{"start":{"line":1,"column":1534},"end":{"line":54,"column":2}},"loc":{"start":{"line":1,"column":1534},"end":{"line":54,"column":2}},"line":1}},"f":{"0":0}}
,"/home/hernan/Documents/projects/fulll-tests/Frontend/github-user-search/src/hooks/useGithubSearch.ts": {"path":"/home/hernan/Documents/projects/fulll-tests/Frontend/github-user-search/src/hooks/useGithubSearch.ts","all":true,"statementMap":{"0":{"start":{"line":1,"column":0},"end":{"line":1,"column":33}},"1":{"start":{"line":2,"column":0},"end":{"line":2,"column":47}},"3":{"start":{"line":4,"column":0},"end":{"line":4,"column":35}},"4":{"start":{"line":5,"column":0},"end":{"line":5,"column":75}},"5":{"start":{"line":6,"column":0},"end":{"line":6,"column":57}},"7":{"start":{"line":8,"column":0},"end":{"line":8,"column":48}},"8":{"start":{"line":9,"column":0},"end":{"line":9,"column":31}},"9":{"start":{"line":10,"column":0},"end":{"line":10,"column":21}},"11":{"start":{"line":12,"column":0},"end":{"line":12,"column":23}},"12":{"start":{"line":13,"column":0},"end":{"line":13,"column":24}},"13":{"start":{"line":14,"column":0},"end":{"line":14,"column":16}},"14":{"start":{"line":15,"column":0},"end":{"line":15,"column":5}},"16":{"start":{"line":17,"column":0},"end":{"line":17,"column":60}},"18":{"start":{"line":19,"column":0},"end":{"line":19,"column":9}},"19":{"start":{"line":20,"column":0},"end":{"line":20,"column":66}},"20":{"start":{"line":21,"column":0},"end":{"line":21,"column":27}},"21":{"start":{"line":22,"column":0},"end":{"line":22,"column":21}},"22":{"start":{"line":23,"column":0},"end":{"line":23,"column":55}},"23":{"start":{"line":24,"column":0},"end":{"line":24,"column":32}},"24":{"start":{"line":25,"column":0},"end":{"line":25,"column":15}},"25":{"start":{"line":26,"column":0},"end":{"line":26,"column":24}},"26":{"start":{"line":27,"column":0},"end":{"line":27,"column":5}},"27":{"start":{"line":28,"column":0},"end":{"line":28,"column":14}},"28":{"start":{"line":29,"column":0},"end":{"line":29,"column":4}},"29":{"start":{"line":30,"column":0},"end":{"line":30,"column":10}},"30":{"start":{"line":31,"column":0},"end":{"line":31,"column":21}},"31":{"start":{"line":32,"column":0},"end":{"line":32,"column":12}},"32":{"start":{"line":33,"column":0},"end":{"line":33,"column":16}},"33":{"start":{"line":34,"column":0},"end":{"line":34,"column":4}},"34":{"start":{"line":35,"column":0},"end":{"line":35,"column":1}}},"s":{"0":0,"1":0,"3":0,"4":0,"5":0,"7":0,"8":0,"9":0,"11":0,"12":0,"13":0,"14":0,"16":0,"18":0,"19":0,"20":0,"21":0,"22":0,"23":0,"24":0,"25":0,"26":0,"27":0,"28":0,"29":0,"30":0,"31":0,"32":0,"33":0,"34":0},"branchMap":{"0":{"type":"branch","line":1,"loc":{"start":{"line":1,"column":845},"end":{"line":35,"column":1}},"locations":[{"start":{"line":1,"column":845},"end":{"line":35,"column":1}}]}},"b":{"0":[0]},"fnMap":{"0":{"name":"(empty-report)","decl":{"start":{"line":1,"column":845},"end":{"line":35,"column":1}},"loc":{"start":{"line":1,"column":845},"end":{"line":35,"column":1}},"line":1}},"f":{"0":0}}
,"/home/hernan/Documents/projects/fulll-tests/Frontend/github-user-search/src/hooks/__mocks__/useGithubSearch.ts": {"path":"/home/hernan/Documents/projects/fulll-tests/Frontend/github-user-search/src/hooks/__mocks__/useGithubSearch.ts","all":false,"statementMap":{"0":{"start":{"line":1,"column":0},"end":{"line":1,"column":28}},"2":{"start":{"line":3,"column":0},"end":{"line":3,"column":45}},"3":{"start":{"line":4,"column":0},"end":{"line":4,"column":17}},"4":{"start":{"line":5,"column":0},"end":{"line":5,"column":26}},"5":{"start":{"line":6,"column":0},"end":{"line":6,"column":45}},"6":{"start":{"line":7,"column":0},"end":{"line":7,"column":4}}},"s":{"0":1,"2":1,"3":22,"4":22,"5":22,"6":1},"branchMap":{"0":{"type":"branch","line":3,"loc":{"start":{"line":3,"column":37},"end":{"line":7,"column":2}},"locations":[{"start":{"line":3,"column":37},"end":{"line":7,"column":2}}]}},"b":{"0":[22]},"fnMap":{},"f":{}}
,"/home/hernan/Documents/projects/fulll-tests/Frontend/github-user-search/src/services/github.ts": {"path":"/home/hernan/Documents/projects/fulll-tests/Frontend/github-user-search/src/services/github.ts","all":true,"statementMap":{"0":{"start":{"line":1,"column":0},"end":{"line":1,"column":41}},"2":{"start":{"line":3,"column":0},"end":{"line":3,"column":46}},"3":{"start":{"line":4,"column":0},"end":{"line":4,"column":39}},"4":{"start":{"line":5,"column":0},"end":{"line":5,"column":32}},"6":{"start":{"line":7,"column":0},"end":{"line":7,"column":7}},"7":{"start":{"line":8,"column":0},"end":{"line":8,"column":70}},"9":{"start":{"line":10,"column":0},"end":{"line":10,"column":23}},"10":{"start":{"line":11,"column":0},"end":{"line":11,"column":36}},"11":{"start":{"line":12,"column":0},"end":{"line":12,"column":61}},"12":{"start":{"line":13,"column":0},"end":{"line":13,"column":7}},"13":{"start":{"line":14,"column":0},"end":{"line":14,"column":66}},"14":{"start":{"line":15,"column":0},"end":{"line":15,"column":5}},"16":{"start":{"line":17,"column":0},"end":{"line":17,"column":39}},"17":{"start":{"line":18,"column":0},"end":{"line":18,"column":28}},"18":{"start":{"line":19,"column":0},"end":{"line":19,"column":19}},"19":{"start":{"line":20,"column":0},"end":{"line":20,"column":54}},"20":{"start":{"line":21,"column":0},"end":{"line":21,"column":16}},"21":{"start":{"line":22,"column":0},"end":{"line":22,"column":3}},"22":{"start":{"line":23,"column":0},"end":{"line":23,"column":1}},"24":{"start":{"line":25,"column":0},"end":{"line":25,"column":30}}},"s":{"0":0,"2":0,"3":0,"4":0,"6":0,"7":0,"9":0,"10":0,"11":0,"12":0,"13":0,"14":0,"16":0,"17":0,"18":0,"19":0,"20":0,"21":0,"22":0,"24":0},"branchMap":{"0":{"type":"branch","line":1,"loc":{"start":{"line":1,"column":647},"end":{"line":25,"column":30}},"locations":[{"start":{"line":1,"column":647},"end":{"line":25,"column":30}}]}},"b":{"0":[0]},"fnMap":{"0":{"name":"(empty-report)","decl":{"start":{"line":1,"column":647},"end":{"line":25,"column":30}},"loc":{"start":{"line":1,"column":647},"end":{"line":25,"column":30}},"line":1}},"f":{"0":0}}
,"/home/hernan/Documents/projects/fulll-tests/Frontend/github-user-search/src/types/User.ts": {"path":"/home/hernan/Documents/projects/fulll-tests/Frontend/github-user-search/src/types/User.ts","all":true,"statementMap":{},"s":{},"branchMap":{"0":{"type":"branch","line":1,"loc":{"start":{"line":1,"column":93},"end":{"line":6,"column":1}},"locations":[{"start":{"line":1,"column":93},"end":{"line":6,"column":1}}]}},"b":{"0":[1]},"fnMap":{"0":{"name":"(empty-report)","decl":{"start":{"line":1,"column":93},"end":{"line":6,"column":1}},"loc":{"start":{"line":1,"column":93},"end":{"line":6,"column":1}},"line":1}},"f":{"0":1}}
}
